{"/Users/sallystenegard/Desktop/inlämning testning 2/src/App.tsx": {"path":"/Users/sallystenegard/Desktop/inlämning testning 2/src/App.tsx","statementMap":{"0":{"start":{"line":14,"column":34},"end":{"line":14,"column":null}},"1":{"start":{"line":16,"column":20},"end":{"line":18,"column":null}},"2":{"start":{"line":17,"column":4},"end":{"line":17,"column":null}},"3":{"start":{"line":20,"column":24},"end":{"line":23,"column":null}},"4":{"start":{"line":21,"column":24},"end":{"line":21,"column":null}},"5":{"start":{"line":21,"column":50},"end":{"line":21,"column":null}},"6":{"start":{"line":22,"column":4},"end":{"line":22,"column":null}}},"fnMap":{"0":{"name":"Home","decl":{"start":{"line":13,"column":9},"end":{"line":13,"column":null}},"loc":{"start":{"line":13,"column":9},"end":{"line":34,"column":null}}},"1":{"name":"(anonymous_1)","decl":{"start":{"line":16,"column":20},"end":{"line":16,"column":21}},"loc":{"start":{"line":16,"column":21},"end":{"line":18,"column":null}}},"2":{"name":"(anonymous_2)","decl":{"start":{"line":20,"column":24},"end":{"line":20,"column":25}},"loc":{"start":{"line":20,"column":25},"end":{"line":23,"column":null}}},"3":{"name":"(anonymous_3)","decl":{"start":{"line":21,"column":40},"end":{"line":21,"column":41}},"loc":{"start":{"line":21,"column":50},"end":{"line":21,"column":null}}}},"branchMap":{},"s":{"0":4,"1":4,"2":1,"3":4,"4":1,"5":1,"6":1},"f":{"0":4,"1":1,"2":1,"3":1},"b":{}}
,"/Users/sallystenegard/Desktop/inlämning testning 2/src/components/BookingForm.tsx": {"path":"/Users/sallystenegard/Desktop/inlämning testning 2/src/components/BookingForm.tsx","statementMap":{"0":{"start":{"line":15,"column":26},"end":{"line":15,"column":null}},"1":{"start":{"line":16,"column":26},"end":{"line":16,"column":null}},"2":{"start":{"line":17,"column":26},"end":{"line":17,"column":null}},"3":{"start":{"line":18,"column":40},"end":{"line":18,"column":null}},"4":{"start":{"line":19,"column":28},"end":{"line":19,"column":null}},"5":{"start":{"line":21,"column":23},"end":{"line":35,"column":null}},"6":{"start":{"line":22,"column":4},"end":{"line":22,"column":null}},"7":{"start":{"line":24,"column":4},"end":{"line":27,"column":null}},"8":{"start":{"line":25,"column":6},"end":{"line":25,"column":null}},"9":{"start":{"line":26,"column":6},"end":{"line":26,"column":null}},"10":{"start":{"line":29,"column":4},"end":{"line":29,"column":null}},"11":{"start":{"line":30,"column":4},"end":{"line":30,"column":null}},"12":{"start":{"line":31,"column":4},"end":{"line":31,"column":null}},"13":{"start":{"line":32,"column":4},"end":{"line":32,"column":null}},"14":{"start":{"line":33,"column":4},"end":{"line":33,"column":null}},"15":{"start":{"line":34,"column":4},"end":{"line":34,"column":null}},"16":{"start":{"line":44,"column":27},"end":{"line":44,"column":null}},"17":{"start":{"line":49,"column":27},"end":{"line":49,"column":null}},"18":{"start":{"line":56,"column":27},"end":{"line":56,"column":null}},"19":{"start":{"line":61,"column":27},"end":{"line":61,"column":null}}},"fnMap":{"0":{"name":"BookingForm","decl":{"start":{"line":14,"column":24},"end":{"line":14,"column":36}},"loc":{"start":{"line":14,"column":68},"end":{"line":68,"column":null}}},"1":{"name":"(anonymous_1)","decl":{"start":{"line":21,"column":23},"end":{"line":21,"column":24}},"loc":{"start":{"line":21,"column":24},"end":{"line":35,"column":null}}},"2":{"name":"(anonymous_2)","decl":{"start":{"line":44,"column":20},"end":{"line":44,"column":21}},"loc":{"start":{"line":44,"column":27},"end":{"line":44,"column":null}}},"3":{"name":"(anonymous_3)","decl":{"start":{"line":49,"column":20},"end":{"line":49,"column":21}},"loc":{"start":{"line":49,"column":27},"end":{"line":49,"column":null}}},"4":{"name":"(anonymous_4)","decl":{"start":{"line":56,"column":20},"end":{"line":56,"column":21}},"loc":{"start":{"line":56,"column":27},"end":{"line":56,"column":null}}},"5":{"name":"(anonymous_5)","decl":{"start":{"line":61,"column":20},"end":{"line":61,"column":21}},"loc":{"start":{"line":61,"column":27},"end":{"line":61,"column":null}}}},"branchMap":{"0":{"loc":{"start":{"line":24,"column":4},"end":{"line":27,"column":null}},"type":"if","locations":[{"start":{"line":24,"column":4},"end":{"line":27,"column":null}},{"start":{},"end":{}}]},"1":{"loc":{"start":{"line":24,"column":8},"end":{"line":24,"column":33}},"type":"binary-expr","locations":[{"start":{"line":24,"column":8},"end":{"line":24,"column":17}},{"start":{"line":24,"column":17},"end":{"line":24,"column":26}},{"start":{"line":24,"column":26},"end":{"line":24,"column":33}}]},"2":{"loc":{"start":{"line":65,"column":7},"end":{"line":65,"column":16}},"type":"binary-expr","locations":[{"start":{"line":65,"column":7},"end":{"line":65,"column":16}}]}},"s":{"0":11,"1":11,"2":11,"3":11,"4":11,"5":11,"6":2,"7":2,"8":1,"9":1,"10":1,"11":1,"12":1,"13":1,"14":1,"15":1,"16":1,"17":1,"18":1,"19":1},"f":{"0":11,"1":2,"2":1,"3":1,"4":1,"5":1},"b":{"0":[1,1],"1":[2,1,1],"2":[11]}}
,"/Users/sallystenegard/Desktop/inlämning testning 2/src/components/BookingList.tsx": {"path":"/Users/sallystenegard/Desktop/inlämning testning 2/src/components/BookingList.tsx","statementMap":{"0":{"start":{"line":29,"column":42},"end":{"line":29,"column":null}}},"fnMap":{"0":{"name":"BookingList","decl":{"start":{"line":15,"column":24},"end":{"line":15,"column":36}},"loc":{"start":{"line":15,"column":76},"end":{"line":35,"column":null}}},"1":{"name":"(anonymous_2)","decl":{"start":{"line":29,"column":36},"end":{"line":29,"column":42}},"loc":{"start":{"line":29,"column":42},"end":{"line":29,"column":null}}}},"branchMap":{},"s":{"0":2},"f":{"0":6,"1":2},"b":{}}
,"/Users/sallystenegard/Desktop/inlämning testning 2/src/components/CancelButton.tsx": {"path":"/Users/sallystenegard/Desktop/inlämning testning 2/src/components/CancelButton.tsx","statementMap":{"0":{"start":{"line":6,"column":2},"end":{"line":6,"column":null}}},"fnMap":{"0":{"name":"CancelButton","decl":{"start":{"line":5,"column":24},"end":{"line":5,"column":37}},"loc":{"start":{"line":5,"column":68},"end":{"line":8,"column":null}}}},"branchMap":{},"s":{"0":5},"f":{"0":5},"b":{}}
}
